<?xml version="1.0" encoding="UTF-8"?>
<!-- Generated by org.testng.reporters.JUnitReportReporter -->
<testsuite skipped="0" hostname="LAPTOP-K171VAOP" name="com.ba.Task.tests.TravelPageTest" tests="6" failures="0" timestamp="2022-05-06T16:21:07 IST" time="80.458" errors="0">
  <testcase name="TravlePageTest" time="4.948" classname="com.ba.Task.tests.TravelPageTest"/>
  <system-out/>
  <testcase name="TravelpageTitleTests" time="0.126" classname="com.ba.Task.tests.TravelPageTest"/>
  <system-out/>
  <testcase name="SelectFirstDate" time="12.661" classname="com.ba.Task.tests.TravelPageTest"/>
  <system-out/>
  <testcase name="selectTraveller" time="8.352" classname="com.ba.Task.tests.TravelPageTest"/>
  <system-out/>
  <testcase name="searchbtn" time="1.589" classname="com.ba.Task.tests.TravelPageTest"/>
  <system-out/>
  <testcase name="searchClick" time="52.782" classname="com.ba.Task.tests.TravelPageTest"/>
  <system-out/>
</testsuite> <!-- com.ba.Task.tests.TravelPageTest -->
